mode: set
github.com/park-jun-woo/yongol/cmd/yongol/agent_cmd.go:14.32,24.55 3 0
github.com/park-jun-woo/yongol/cmd/yongol/agent_cmd.go:24.55,28.18 3 0
github.com/park-jun-woo/yongol/cmd/yongol/agent_cmd.go:28.18,30.5 1 0
github.com/park-jun-woo/yongol/cmd/yongol/agent_cmd.go:32.4,39.44 2 0
github.com/park-jun-woo/yongol/cmd/yongol/agent_cmd.go:43.2,48.12 3 0
github.com/park-jun-woo/yongol/cmd/yongol/chain_cmd.go:14.32,21.55 1 0
github.com/park-jun-woo/yongol/cmd/yongol/chain_cmd.go:21.55,24.18 3 0
github.com/park-jun-woo/yongol/cmd/yongol/chain_cmd.go:24.18,26.5 1 0
github.com/park-jun-woo/yongol/cmd/yongol/chain_cmd.go:27.4,28.36 2 0
github.com/park-jun-woo/yongol/cmd/yongol/chain_cmd.go:28.36,31.5 2 0
github.com/park-jun-woo/yongol/cmd/yongol/chain_cmd.go:32.4,33.18 2 0
github.com/park-jun-woo/yongol/cmd/yongol/chain_cmd.go:33.18,35.5 1 0
github.com/park-jun-woo/yongol/cmd/yongol/chain_cmd.go:36.4,37.14 2 0
github.com/park-jun-woo/yongol/cmd/yongol/chain_cmd.go:40.2,40.12 1 0
github.com/park-jun-woo/yongol/cmd/yongol/classify_diagnostics.go:7.100,8.26 1 0
github.com/park-jun-woo/yongol/cmd/yongol/classify_diagnostics.go:8.26,9.18 1 0
github.com/park-jun-woo/yongol/cmd/yongol/classify_diagnostics.go:10.30,11.30 1 0
github.com/park-jun-woo/yongol/cmd/yongol/classify_diagnostics.go:12.32,13.34 1 0
github.com/park-jun-woo/yongol/cmd/yongol/classify_diagnostics.go:16.2,16.25 1 0
github.com/park-jun-woo/yongol/cmd/yongol/collect_issues.go:10.64,12.28 2 0
github.com/park-jun-woo/yongol/cmd/yongol/collect_issues.go:12.28,16.3 3 0
github.com/park-jun-woo/yongol/cmd/yongol/collect_issues.go:17.2,17.36 1 0
github.com/park-jun-woo/yongol/cmd/yongol/count_backend_files.go:16.44,19.79 3 0
github.com/park-jun-woo/yongol/cmd/yongol/count_backend_files.go:19.79,20.17 1 0
github.com/park-jun-woo/yongol/cmd/yongol/count_backend_files.go:20.17,22.4 1 0
github.com/park-jun-woo/yongol/cmd/yongol/count_backend_files.go:23.3,23.16 1 0
github.com/park-jun-woo/yongol/cmd/yongol/count_backend_files.go:23.16,25.52 2 0
github.com/park-jun-woo/yongol/cmd/yongol/count_backend_files.go:25.52,27.5 1 0
github.com/park-jun-woo/yongol/cmd/yongol/count_backend_files.go:28.4,28.50 1 0
github.com/park-jun-woo/yongol/cmd/yongol/count_backend_files.go:28.50,30.5 1 0
github.com/park-jun-woo/yongol/cmd/yongol/count_backend_files.go:31.4,31.14 1 0
github.com/park-jun-woo/yongol/cmd/yongol/count_backend_files.go:33.3,33.34 1 0
github.com/park-jun-woo/yongol/cmd/yongol/count_backend_files.go:33.34,35.4 1 0
github.com/park-jun-woo/yongol/cmd/yongol/count_backend_files.go:36.3,36.13 1 0
github.com/park-jun-woo/yongol/cmd/yongol/count_backend_files.go:38.2,38.14 1 0
github.com/park-jun-woo/yongol/cmd/yongol/count_levels.go:7.67,8.26 1 0
github.com/park-jun-woo/yongol/cmd/yongol/count_levels.go:8.26,9.18 1 0
github.com/park-jun-woo/yongol/cmd/yongol/count_levels.go:10.30,11.10 1 0
github.com/park-jun-woo/yongol/cmd/yongol/count_levels.go:12.32,13.11 1 0
github.com/park-jun-woo/yongol/cmd/yongol/count_levels.go:16.2,16.8 1 0
github.com/park-jun-woo/yongol/cmd/yongol/count_preserved.go:15.69,16.26 1 0
github.com/park-jun-woo/yongol/cmd/yongol/count_preserved.go:16.26,18.33 2 0
github.com/park-jun-woo/yongol/cmd/yongol/count_preserved.go:18.33,20.12 2 0
github.com/park-jun-woo/yongol/cmd/yongol/count_preserved.go:22.3,22.15 1 0
github.com/park-jun-woo/yongol/cmd/yongol/count_preserved.go:24.2,24.34 1 0
github.com/park-jun-woo/yongol/cmd/yongol/features_add_cmd.go:13.38,20.55 1 0
github.com/park-jun-woo/yongol/cmd/yongol/features_add_cmd.go:20.55,23.4 2 0
github.com/park-jun-woo/yongol/cmd/yongol/features_add_cmd.go:25.2,25.12 1 0
github.com/park-jun-woo/yongol/cmd/yongol/features_cmd.go:12.35,22.2 4 0
github.com/park-jun-woo/yongol/cmd/yongol/features_remove_cmd.go:13.41,21.55 2 0
github.com/park-jun-woo/yongol/cmd/yongol/features_remove_cmd.go:21.55,24.4 2 0
github.com/park-jun-woo/yongol/cmd/yongol/features_remove_cmd.go:26.2,27.12 2 0
github.com/park-jun-woo/yongol/cmd/yongol/format_location.go:9.51,10.16 1 0
github.com/park-jun-woo/yongol/cmd/yongol/format_location.go:10.16,12.3 1 0
github.com/park-jun-woo/yongol/cmd/yongol/format_location.go:13.2,13.14 1 0
github.com/park-jun-woo/yongol/cmd/yongol/format_location.go:13.14,15.3 1 0
github.com/park-jun-woo/yongol/cmd/yongol/format_location.go:16.2,16.34 1 0
github.com/park-jun-woo/yongol/cmd/yongol/format_step_line.go:12.68,15.21 3 0
github.com/park-jun-woo/yongol/cmd/yongol/format_step_line.go:15.21,17.3 1 0
github.com/park-jun-woo/yongol/cmd/yongol/format_step_line.go:18.2,18.27 1 0
github.com/park-jun-woo/yongol/cmd/yongol/format_step_line.go:18.27,20.3 1 0
github.com/park-jun-woo/yongol/cmd/yongol/format_step_line.go:21.2,21.34 1 0
github.com/park-jun-woo/yongol/cmd/yongol/generate_cmd.go:23.35,34.55 2 0
github.com/park-jun-woo/yongol/cmd/yongol/generate_cmd.go:34.55,38.18 4 0
github.com/park-jun-woo/yongol/cmd/yongol/generate_cmd.go:38.18,40.5 1 0
github.com/park-jun-woo/yongol/cmd/yongol/generate_cmd.go:41.4,42.36 2 0
github.com/park-jun-woo/yongol/cmd/yongol/generate_cmd.go:42.36,45.5 2 0
github.com/park-jun-woo/yongol/cmd/yongol/generate_cmd.go:46.4,48.18 3 0
github.com/park-jun-woo/yongol/cmd/yongol/generate_cmd.go:48.18,50.5 1 0
github.com/park-jun-woo/yongol/cmd/yongol/generate_cmd.go:51.4,51.17 1 0
github.com/park-jun-woo/yongol/cmd/yongol/generate_cmd.go:51.17,53.5 1 0
github.com/park-jun-woo/yongol/cmd/yongol/generate_cmd.go:54.4,55.19 2 0
github.com/park-jun-woo/yongol/cmd/yongol/generate_cmd.go:56.59,56.59 0 0
github.com/park-jun-woo/yongol/cmd/yongol/generate_cmd.go:58.12,59.61 1 0
github.com/park-jun-woo/yongol/cmd/yongol/generate_cmd.go:59.61,62.20 3 0
github.com/park-jun-woo/yongol/cmd/yongol/generate_cmd.go:62.20,64.7 1 0
github.com/park-jun-woo/yongol/cmd/yongol/generate_cmd.go:65.11,67.6 1 0
github.com/park-jun-woo/yongol/cmd/yongol/generate_cmd.go:69.4,74.90 3 0
github.com/park-jun-woo/yongol/cmd/yongol/generate_cmd.go:74.90,76.5 1 0
github.com/park-jun-woo/yongol/cmd/yongol/generate_cmd.go:77.4,79.14 2 0
github.com/park-jun-woo/yongol/cmd/yongol/generate_cmd.go:82.2,84.12 3 0
github.com/park-jun-woo/yongol/cmd/yongol/hash_cmd.go:14.31,21.55 1 0
github.com/park-jun-woo/yongol/cmd/yongol/hash_cmd.go:21.55,23.4 1 0
github.com/park-jun-woo/yongol/cmd/yongol/hash_cmd.go:25.2,25.12 1 0
github.com/park-jun-woo/yongol/cmd/yongol/import_cmd.go:13.33,18.55 1 0
github.com/park-jun-woo/yongol/cmd/yongol/import_cmd.go:18.55,19.62 1 0
github.com/park-jun-woo/yongol/cmd/yongol/import_cmd.go:19.62,21.5 1 0
github.com/park-jun-woo/yongol/cmd/yongol/import_cmd.go:22.4,22.14 1 0
github.com/park-jun-woo/yongol/cmd/yongol/init_cmd.go:15.31,27.55 2 0
github.com/park-jun-woo/yongol/cmd/yongol/init_cmd.go:27.55,29.22 2 0
github.com/park-jun-woo/yongol/cmd/yongol/init_cmd.go:29.22,31.5 1 0
github.com/park-jun-woo/yongol/cmd/yongol/init_cmd.go:32.4,40.66 2 0
github.com/park-jun-woo/yongol/cmd/yongol/init_cmd.go:43.2,46.12 4 0
github.com/park-jun-woo/yongol/cmd/yongol/latest_sql_file_name.go:13.54,15.28 2 0
github.com/park-jun-woo/yongol/cmd/yongol/latest_sql_file_name.go:15.28,17.39 2 0
github.com/park-jun-woo/yongol/cmd/yongol/latest_sql_file_name.go:17.39,18.12 1 0
github.com/park-jun-woo/yongol/cmd/yongol/latest_sql_file_name.go:20.3,20.20 1 0
github.com/park-jun-woo/yongol/cmd/yongol/latest_sql_file_name.go:20.20,22.4 1 0
github.com/park-jun-woo/yongol/cmd/yongol/latest_sql_file_name.go:24.2,24.15 1 0
github.com/park-jun-woo/yongol/cmd/yongol/main.go:14.13,16.39 2 0
github.com/park-jun-woo/yongol/cmd/yongol/main.go:16.39,19.26 3 0
github.com/park-jun-woo/yongol/cmd/yongol/main.go:19.26,21.4 1 0
github.com/park-jun-woo/yongol/cmd/yongol/main.go:22.3,22.13 1 0
github.com/park-jun-woo/yongol/cmd/yongol/new_root.go:13.31,22.66 2 0
github.com/park-jun-woo/yongol/cmd/yongol/new_root.go:22.66,24.3 1 0
github.com/park-jun-woo/yongol/cmd/yongol/new_root.go:26.2,38.13 12 0
github.com/park-jun-woo/yongol/cmd/yongol/next_cmd.go:19.31,26.55 1 0
github.com/park-jun-woo/yongol/cmd/yongol/next_cmd.go:26.55,29.18 3 0
github.com/park-jun-woo/yongol/cmd/yongol/next_cmd.go:29.18,31.5 1 0
github.com/park-jun-woo/yongol/cmd/yongol/next_cmd.go:32.4,33.36 2 0
github.com/park-jun-woo/yongol/cmd/yongol/next_cmd.go:33.36,37.5 3 0
github.com/park-jun-woo/yongol/cmd/yongol/next_cmd.go:38.4,40.24 3 0
github.com/park-jun-woo/yongol/cmd/yongol/next_cmd.go:40.24,43.5 2 0
github.com/park-jun-woo/yongol/cmd/yongol/next_cmd.go:44.4,45.31 2 0
github.com/park-jun-woo/yongol/cmd/yongol/next_cmd.go:45.31,47.5 1 0
github.com/park-jun-woo/yongol/cmd/yongol/next_cmd.go:47.10,49.5 1 0
github.com/park-jun-woo/yongol/cmd/yongol/next_cmd.go:50.4,50.42 1 0
github.com/park-jun-woo/yongol/cmd/yongol/next_cmd.go:53.2,53.12 1 0
github.com/park-jun-woo/yongol/cmd/yongol/parse_model_flag.go:13.69,15.13 2 0
github.com/park-jun-woo/yongol/cmd/yongol/parse_model_flag.go:15.13,17.3 1 0
github.com/park-jun-woo/yongol/cmd/yongol/parse_model_flag.go:18.2,20.17 3 0
github.com/park-jun-woo/yongol/cmd/yongol/parse_model_flag.go:21.33,21.33 0 0
github.com/park-jun-woo/yongol/cmd/yongol/parse_model_flag.go:23.10,24.108 1 0
github.com/park-jun-woo/yongol/cmd/yongol/parse_model_flag.go:26.2,26.17 1 0
github.com/park-jun-woo/yongol/cmd/yongol/parse_model_flag.go:26.17,28.3 1 0
github.com/park-jun-woo/yongol/cmd/yongol/parse_model_flag.go:29.2,29.28 1 0
github.com/park-jun-woo/yongol/cmd/yongol/print_artifacts_summary.go:17.89,21.19 4 0
github.com/park-jun-woo/yongol/cmd/yongol/print_artifacts_summary.go:21.19,23.3 1 0
github.com/park-jun-woo/yongol/cmd/yongol/print_artifacts_summary.go:24.2,26.38 2 0
github.com/park-jun-woo/yongol/cmd/yongol/print_diag_file.go:12.60,13.18 1 0
github.com/park-jun-woo/yongol/cmd/yongol/print_diag_file.go:13.18,15.3 1 0
github.com/park-jun-woo/yongol/cmd/yongol/print_diag_file.go:16.2,16.16 1 0
github.com/park-jun-woo/yongol/cmd/yongol/print_diag_file.go:16.16,18.3 1 0
github.com/park-jun-woo/yongol/cmd/yongol/print_diag_file.go:18.8,20.3 1 0
github.com/park-jun-woo/yongol/cmd/yongol/print_drift_list.go:17.65,19.21 2 0
github.com/park-jun-woo/yongol/cmd/yongol/print_drift_list.go:19.21,21.3 1 0
github.com/park-jun-woo/yongol/cmd/yongol/print_drift_list.go:22.2,23.26 2 0
github.com/park-jun-woo/yongol/cmd/yongol/print_drift_list.go:23.26,25.3 1 0
github.com/park-jun-woo/yongol/cmd/yongol/print_drift_list.go:26.2,27.24 2 0
github.com/park-jun-woo/yongol/cmd/yongol/print_drift_list.go:27.24,29.3 1 0
github.com/park-jun-woo/yongol/cmd/yongol/print_drift_list.go:30.2,31.26 2 0
github.com/park-jun-woo/yongol/cmd/yongol/print_drift_list.go:31.26,33.31 2 0
github.com/park-jun-woo/yongol/cmd/yongol/print_drift_list.go:33.31,35.4 1 0
github.com/park-jun-woo/yongol/cmd/yongol/print_grouped_diags.go:12.98,14.24 2 0
github.com/park-jun-woo/yongol/cmd/yongol/print_grouped_diags.go:14.24,15.28 1 0
github.com/park-jun-woo/yongol/cmd/yongol/print_grouped_diags.go:15.28,17.4 1 0
github.com/park-jun-woo/yongol/cmd/yongol/print_grouped_diags.go:19.2,20.26 2 0
github.com/park-jun-woo/yongol/cmd/yongol/print_grouped_diags.go:20.26,23.3 2 0
github.com/park-jun-woo/yongol/cmd/yongol/print_grouped_diags.go:24.2,24.134 1 0
github.com/park-jun-woo/yongol/cmd/yongol/print_level_diags.go:15.82,17.34 2 0
github.com/park-jun-woo/yongol/cmd/yongol/print_level_diags.go:17.34,18.23 1 0
github.com/park-jun-woo/yongol/cmd/yongol/print_level_diags.go:18.23,19.12 1 0
github.com/park-jun-woo/yongol/cmd/yongol/print_level_diags.go:21.3,21.12 1 0
github.com/park-jun-woo/yongol/cmd/yongol/print_level_diags.go:21.12,24.4 2 0
github.com/park-jun-woo/yongol/cmd/yongol/print_level_diags.go:26.3,28.19 3 0
github.com/park-jun-woo/yongol/cmd/yongol/print_level_diags.go:28.19,30.4 1 0
github.com/park-jun-woo/yongol/cmd/yongol/print_level_diags.go:31.3,32.19 2 0
github.com/park-jun-woo/yongol/cmd/yongol/print_level_diags.go:32.19,34.4 1 0
github.com/park-jun-woo/yongol/cmd/yongol/print_migration_latest_file.go:17.60,18.19 1 0
github.com/park-jun-woo/yongol/cmd/yongol/print_migration_latest_file.go:18.19,20.3 1 0
github.com/park-jun-woo/yongol/cmd/yongol/print_migration_latest_file.go:21.2,23.16 3 0
github.com/park-jun-woo/yongol/cmd/yongol/print_migration_latest_file.go:23.16,25.3 1 0
github.com/park-jun-woo/yongol/cmd/yongol/print_migration_latest_file.go:26.2,27.18 2 0
github.com/park-jun-woo/yongol/cmd/yongol/print_migration_latest_file.go:27.18,29.3 1 0
github.com/park-jun-woo/yongol/cmd/yongol/print_migration_latest_file.go:30.2,30.85 1 0
github.com/park-jun-woo/yongol/cmd/yongol/print_migration_pending_diff.go:16.79,18.17 2 0
github.com/park-jun-woo/yongol/cmd/yongol/print_migration_pending_diff.go:18.17,20.3 1 0
github.com/park-jun-woo/yongol/cmd/yongol/print_migration_pending_diff.go:21.2,22.16 2 0
github.com/park-jun-woo/yongol/cmd/yongol/print_migration_pending_diff.go:22.16,25.3 2 0
github.com/park-jun-woo/yongol/cmd/yongol/print_migration_pending_diff.go:26.2,31.14 6 0
github.com/park-jun-woo/yongol/cmd/yongol/print_migration_pending_diff.go:31.14,33.3 1 0
github.com/park-jun-woo/yongol/cmd/yongol/print_migration_pending_diff.go:34.2,34.27 1 0
github.com/park-jun-woo/yongol/cmd/yongol/print_migration_pending_diff.go:34.27,36.3 1 0
github.com/park-jun-woo/yongol/cmd/yongol/print_migration_pending_diff.go:37.2,37.19 1 0
github.com/park-jun-woo/yongol/cmd/yongol/print_migration_pending_diff.go:37.19,39.3 1 0
github.com/park-jun-woo/yongol/cmd/yongol/print_migration_pending_diff.go:40.2,40.13 1 0
github.com/park-jun-woo/yongol/cmd/yongol/print_migration_snapshot_info.go:18.72,20.16 2 0
github.com/park-jun-woo/yongol/cmd/yongol/print_migration_snapshot_info.go:20.16,21.25 1 0
github.com/park-jun-woo/yongol/cmd/yongol/print_migration_snapshot_info.go:21.25,24.4 2 0
github.com/park-jun-woo/yongol/cmd/yongol/print_migration_snapshot_info.go:25.3,26.15 2 0
github.com/park-jun-woo/yongol/cmd/yongol/print_migration_snapshot_info.go:28.2,30.20 3 0
github.com/park-jun-woo/yongol/cmd/yongol/print_migration_snapshot_info.go:30.20,32.3 1 0
github.com/park-jun-woo/yongol/cmd/yongol/print_migration_snapshot_info.go:33.2,34.11 2 0
github.com/park-jun-woo/yongol/cmd/yongol/print_migration_snapshot_info.go:34.11,36.3 1 0
github.com/park-jun-woo/yongol/cmd/yongol/print_migration_snapshot_info.go:37.2,39.13 2 0
github.com/park-jun-woo/yongol/cmd/yongol/print_migration_status.go:16.66,21.50 4 0
github.com/park-jun-woo/yongol/cmd/yongol/print_migration_status.go:21.50,23.3 1 0
github.com/park-jun-woo/yongol/cmd/yongol/print_migration_status.go:24.2,24.57 1 0
github.com/park-jun-woo/yongol/cmd/yongol/print_migration_status.go:24.57,26.3 1 0
github.com/park-jun-woo/yongol/cmd/yongol/print_migration_status.go:27.2,27.38 1 0
github.com/park-jun-woo/yongol/cmd/yongol/print_next_diag.go:13.82,16.18 3 0
github.com/park-jun-woo/yongol/cmd/yongol/print_next_diag.go:16.18,17.17 1 0
github.com/park-jun-woo/yongol/cmd/yongol/print_next_diag.go:17.17,19.4 1 0
github.com/park-jun-woo/yongol/cmd/yongol/print_next_diag.go:19.9,21.4 1 0
github.com/park-jun-woo/yongol/cmd/yongol/print_next_diag.go:23.2,23.121 1 0
github.com/park-jun-woo/yongol/cmd/yongol/print_parse_errors.go:14.67,17.26 3 0
github.com/park-jun-woo/yongol/cmd/yongol/print_parse_errors.go:17.26,19.3 1 0
github.com/park-jun-woo/yongol/cmd/yongol/print_parse_errors.go:20.2,21.24 2 0
github.com/park-jun-woo/yongol/cmd/yongol/print_parse_errors.go:21.24,23.3 1 0
github.com/park-jun-woo/yongol/cmd/yongol/print_parse_errors.go:24.2,25.26 2 0
github.com/park-jun-woo/yongol/cmd/yongol/print_parse_errors.go:25.26,27.3 1 0
github.com/park-jun-woo/yongol/cmd/yongol/print_parse_errors.go:28.2,28.51 1 0
github.com/park-jun-woo/yongol/cmd/yongol/print_parse_errors_file.go:13.84,15.26 2 0
github.com/park-jun-woo/yongol/cmd/yongol/print_parse_errors_file.go:15.26,17.17 2 0
github.com/park-jun-woo/yongol/cmd/yongol/print_parse_errors_file.go:17.17,19.4 1 0
github.com/park-jun-woo/yongol/cmd/yongol/print_parse_errors_file.go:20.3,20.62 1 0
github.com/park-jun-woo/yongol/cmd/yongol/print_preserved_list.go:18.54,20.21 2 0
github.com/park-jun-woo/yongol/cmd/yongol/print_preserved_list.go:20.21,22.3 1 0
github.com/park-jun-woo/yongol/cmd/yongol/print_preserved_list.go:23.2,25.27 3 0
github.com/park-jun-woo/yongol/cmd/yongol/print_preserved_list.go:25.27,28.33 3 0
github.com/park-jun-woo/yongol/cmd/yongol/print_preserved_list.go:28.33,30.12 2 0
github.com/park-jun-woo/yongol/cmd/yongol/print_preserved_list.go:32.3,32.45 1 0
github.com/park-jun-woo/yongol/cmd/yongol/print_report.go:36.110,37.16 1 0
github.com/park-jun-woo/yongol/cmd/yongol/print_report.go:38.20,39.29 1 0
github.com/park-jun-woo/yongol/cmd/yongol/print_report.go:40.18,41.41 1 0
github.com/park-jun-woo/yongol/cmd/yongol/print_report.go:42.19,43.42 1 0
github.com/park-jun-woo/yongol/cmd/yongol/print_report.go:44.10,45.84 1 0
github.com/park-jun-woo/yongol/cmd/yongol/print_report_err_diag.go:11.59,19.2 1 0
github.com/park-jun-woo/yongol/cmd/yongol/print_report_json.go:21.106,23.28 2 0
github.com/park-jun-woo/yongol/cmd/yongol/print_report_json.go:23.28,27.48 4 0
github.com/park-jun-woo/yongol/cmd/yongol/print_report_json.go:27.48,29.4 1 0
github.com/park-jun-woo/yongol/cmd/yongol/print_report_json.go:32.2,33.20 2 0
github.com/park-jun-woo/yongol/cmd/yongol/print_report_json.go:33.20,35.3 1 0
github.com/park-jun-woo/yongol/cmd/yongol/print_report_json.go:36.2,37.16 2 0
github.com/park-jun-woo/yongol/cmd/yongol/print_report_json.go:37.16,39.3 1 0
github.com/park-jun-woo/yongol/cmd/yongol/print_report_json.go:41.2,42.20 2 0
github.com/park-jun-woo/yongol/cmd/yongol/print_report_json.go:42.20,44.3 1 0
github.com/park-jun-woo/yongol/cmd/yongol/print_report_json.go:45.2,45.43 1 0
github.com/park-jun-woo/yongol/cmd/yongol/print_report_json.go:45.43,47.3 1 0
github.com/park-jun-woo/yongol/cmd/yongol/print_report_json.go:48.2,50.12 2 0
github.com/park-jun-woo/yongol/cmd/yongol/print_report_json.go:50.12,52.3 1 0
github.com/park-jun-woo/yongol/cmd/yongol/print_report_json.go:53.2,53.30 1 0
github.com/park-jun-woo/yongol/cmd/yongol/print_report_md.go:22.87,26.28 4 0
github.com/park-jun-woo/yongol/cmd/yongol/print_report_md.go:26.28,30.48 4 0
github.com/park-jun-woo/yongol/cmd/yongol/print_report_md.go:30.48,32.4 1 0
github.com/park-jun-woo/yongol/cmd/yongol/print_report_md.go:33.3,33.45 1 0
github.com/park-jun-woo/yongol/cmd/yongol/print_report_md.go:36.2,36.16 1 0
github.com/park-jun-woo/yongol/cmd/yongol/print_report_md.go:36.16,38.29 2 0
github.com/park-jun-woo/yongol/cmd/yongol/print_report_md.go:38.29,40.4 1 0
github.com/park-jun-woo/yongol/cmd/yongol/print_report_md.go:42.2,42.18 1 0
github.com/park-jun-woo/yongol/cmd/yongol/print_report_md.go:42.18,44.29 2 0
github.com/park-jun-woo/yongol/cmd/yongol/print_report_md.go:44.29,46.4 1 0
github.com/park-jun-woo/yongol/cmd/yongol/print_report_md.go:49.2,50.12 2 0
github.com/park-jun-woo/yongol/cmd/yongol/print_report_md.go:50.12,52.3 1 0
github.com/park-jun-woo/yongol/cmd/yongol/print_report_md.go:53.2,53.30 1 0
github.com/park-jun-woo/yongol/cmd/yongol/print_report_sarif.go:23.107,25.28 2 0
github.com/park-jun-woo/yongol/cmd/yongol/print_report_sarif.go:25.28,29.48 4 0
github.com/park-jun-woo/yongol/cmd/yongol/print_report_sarif.go:29.48,31.4 1 0
github.com/park-jun-woo/yongol/cmd/yongol/print_report_sarif.go:34.2,35.20 2 0
github.com/park-jun-woo/yongol/cmd/yongol/print_report_sarif.go:35.20,37.3 1 0
github.com/park-jun-woo/yongol/cmd/yongol/print_report_sarif.go:39.2,40.20 2 0
github.com/park-jun-woo/yongol/cmd/yongol/print_report_sarif.go:40.20,42.3 1 0
github.com/park-jun-woo/yongol/cmd/yongol/print_report_sarif.go:43.2,43.43 1 0
github.com/park-jun-woo/yongol/cmd/yongol/print_report_sarif.go:43.43,45.3 1 0
github.com/park-jun-woo/yongol/cmd/yongol/print_report_sarif.go:47.2,49.12 2 0
github.com/park-jun-woo/yongol/cmd/yongol/print_report_sarif.go:49.12,51.3 1 0
github.com/park-jun-woo/yongol/cmd/yongol/print_report_sarif.go:52.2,52.30 1 0
github.com/park-jun-woo/yongol/cmd/yongol/print_report_warn_diag.go:11.60,19.2 1 0
github.com/park-jun-woo/yongol/cmd/yongol/print_ssot_summary.go:17.58,20.26 3 0
github.com/park-jun-woo/yongol/cmd/yongol/print_ssot_summary.go:20.26,21.48 1 0
github.com/park-jun-woo/yongol/cmd/yongol/print_ssot_summary.go:21.48,23.4 1 0
github.com/park-jun-woo/yongol/cmd/yongol/print_ssot_summary.go:25.2,26.38 2 0
github.com/park-jun-woo/yongol/cmd/yongol/print_ssot_summary.go:26.38,28.3 1 0
github.com/park-jun-woo/yongol/cmd/yongol/print_ssot_summary.go:29.2,35.71 7 0
github.com/park-jun-woo/yongol/cmd/yongol/run_print_report_case.go:15.59,19.30 4 0
github.com/park-jun-woo/yongol/cmd/yongol/run_print_report_case.go:19.30,21.3 1 0
github.com/park-jun-woo/yongol/cmd/yongol/run_print_report_case.go:22.2,22.33 1 0
github.com/park-jun-woo/yongol/cmd/yongol/run_print_report_case.go:22.33,24.3 1 0
github.com/park-jun-woo/yongol/cmd/yongol/run_print_report_case.go:25.2,25.16 1 0
github.com/park-jun-woo/yongol/cmd/yongol/run_print_report_case.go:25.16,26.20 1 0
github.com/park-jun-woo/yongol/cmd/yongol/run_print_report_case.go:26.20,28.4 1 0
github.com/park-jun-woo/yongol/cmd/yongol/run_print_report_case.go:29.3,29.78 1 0
github.com/park-jun-woo/yongol/cmd/yongol/run_print_report_case.go:29.78,31.4 1 0
github.com/park-jun-woo/yongol/cmd/yongol/run_print_report_case.go:32.3,32.63 1 0
github.com/park-jun-woo/yongol/cmd/yongol/run_print_report_case.go:32.63,34.4 1 0
github.com/park-jun-woo/yongol/cmd/yongol/run_print_report_case.go:35.8,35.26 1 0
github.com/park-jun-woo/yongol/cmd/yongol/run_print_report_case.go:35.26,37.3 1 0
github.com/park-jun-woo/yongol/cmd/yongol/snapshot_hash_info.go:15.51,18.12 3 0
github.com/park-jun-woo/yongol/cmd/yongol/snapshot_hash_info.go:18.12,20.3 1 0
github.com/park-jun-woo/yongol/cmd/yongol/snapshot_hash_info.go:21.2,23.66 3 0
github.com/park-jun-woo/yongol/cmd/yongol/snapshot_hash_info.go:23.66,25.3 1 0
github.com/park-jun-woo/yongol/cmd/yongol/snapshot_hash_info.go:26.2,28.53 3 0
github.com/park-jun-woo/yongol/cmd/yongol/split_advice.go:10.47,11.112 1 0
github.com/park-jun-woo/yongol/cmd/yongol/split_advice.go:11.112,12.43 1 0
github.com/park-jun-woo/yongol/cmd/yongol/split_advice.go:12.43,14.4 1 0
github.com/park-jun-woo/yongol/cmd/yongol/split_advice.go:16.2,16.16 1 0
github.com/park-jun-woo/yongol/cmd/yongol/status_cmd.go:23.33,30.55 1 0
github.com/park-jun-woo/yongol/cmd/yongol/status_cmd.go:30.55,33.18 3 0
github.com/park-jun-woo/yongol/cmd/yongol/status_cmd.go:33.18,35.5 1 0
github.com/park-jun-woo/yongol/cmd/yongol/status_cmd.go:36.4,37.36 2 0
github.com/park-jun-woo/yongol/cmd/yongol/status_cmd.go:37.36,40.5 2 0
github.com/park-jun-woo/yongol/cmd/yongol/status_cmd.go:41.4,45.31 4 0
github.com/park-jun-woo/yongol/cmd/yongol/status_cmd.go:45.31,46.33 1 0
github.com/park-jun-woo/yongol/cmd/yongol/status_cmd.go:46.33,48.11 2 0
github.com/park-jun-woo/yongol/cmd/yongol/status_cmd.go:51.4,51.14 1 0
github.com/park-jun-woo/yongol/cmd/yongol/status_cmd.go:51.14,53.23 2 0
github.com/park-jun-woo/yongol/cmd/yongol/status_cmd.go:53.23,55.6 1 0
github.com/park-jun-woo/yongol/cmd/yongol/status_cmd.go:56.5,56.52 1 0
github.com/park-jun-woo/yongol/cmd/yongol/status_cmd.go:58.4,58.21 1 0
github.com/park-jun-woo/yongol/cmd/yongol/status_cmd.go:58.21,60.5 1 0
github.com/park-jun-woo/yongol/cmd/yongol/status_cmd.go:61.4,62.46 2 0
github.com/park-jun-woo/yongol/cmd/yongol/status_cmd.go:62.46,65.5 2 0
github.com/park-jun-woo/yongol/cmd/yongol/status_cmd.go:69.4,75.14 7 0
github.com/park-jun-woo/yongol/cmd/yongol/status_cmd.go:78.2,78.12 1 0
github.com/park-jun-woo/yongol/cmd/yongol/status_mark.go:7.44,8.12 1 0
github.com/park-jun-woo/yongol/cmd/yongol/status_mark.go:9.27,10.15 1 0
github.com/park-jun-woo/yongol/cmd/yongol/status_mark.go:11.27,12.15 1 0
github.com/park-jun-woo/yongol/cmd/yongol/status_mark.go:13.27,14.13 1 0
github.com/park-jun-woo/yongol/cmd/yongol/status_mark.go:15.30,16.13 1 0
github.com/park-jun-woo/yongol/cmd/yongol/status_mark.go:18.2,18.12 1 0
github.com/park-jun-woo/yongol/cmd/yongol/usage_args.go:11.61,12.55 1 0
github.com/park-jun-woo/yongol/cmd/yongol/usage_args.go:12.55,13.38 1 0
github.com/park-jun-woo/yongol/cmd/yongol/usage_args.go:13.38,15.4 1 0
github.com/park-jun-woo/yongol/cmd/yongol/usage_args.go:16.3,16.13 1 0
github.com/park-jun-woo/yongol/cmd/yongol/usage_error_error.go:6.37,6.61 1 0
github.com/park-jun-woo/yongol/cmd/yongol/usage_error_unwrap.go:6.37,6.53 1 0
github.com/park-jun-woo/yongol/cmd/yongol/validate_cmd.go:14.35,22.58 2 0
github.com/park-jun-woo/yongol/cmd/yongol/validate_cmd.go:22.58,23.22 1 0
github.com/park-jun-woo/yongol/cmd/yongol/validate_cmd.go:24.47,25.15 1 0
github.com/park-jun-woo/yongol/cmd/yongol/validate_cmd.go:26.12,27.104 1 0
github.com/park-jun-woo/yongol/cmd/yongol/validate_cmd.go:30.55,33.22 3 0
github.com/park-jun-woo/yongol/cmd/yongol/validate_cmd.go:33.22,35.5 1 0
github.com/park-jun-woo/yongol/cmd/yongol/validate_cmd.go:36.4,37.18 2 0
github.com/park-jun-woo/yongol/cmd/yongol/validate_cmd.go:37.18,39.5 1 0
github.com/park-jun-woo/yongol/cmd/yongol/validate_cmd.go:40.4,41.36 2 0
github.com/park-jun-woo/yongol/cmd/yongol/validate_cmd.go:41.36,42.33 1 0
github.com/park-jun-woo/yongol/cmd/yongol/validate_cmd.go:42.33,45.6 2 0
github.com/park-jun-woo/yongol/cmd/yongol/validate_cmd.go:45.11,47.6 1 0
github.com/park-jun-woo/yongol/cmd/yongol/validate_cmd.go:48.5,48.38 1 0
github.com/park-jun-woo/yongol/cmd/yongol/validate_cmd.go:50.4,51.21 2 0
github.com/park-jun-woo/yongol/cmd/yongol/validate_cmd.go:51.21,53.5 1 0
github.com/park-jun-woo/yongol/cmd/yongol/validate_cmd.go:54.4,56.14 3 0
github.com/park-jun-woo/yongol/cmd/yongol/validate_cmd.go:59.2,61.12 2 0
github.com/park-jun-woo/yongol/cmd/yongol/version_cmd.go:11.34,15.48 1 0
github.com/park-jun-woo/yongol/cmd/yongol/version_cmd.go:15.48,17.4 1 0
github.com/park-jun-woo/yongol/cmd/yongol/wrap_parse_as_report.go:12.72,23.2 1 1
