mode: set
github.com/park-jun-woo/yongol/pkg/validate/query/build_sensitive_column_index.go:15.72,17.27 2 0
github.com/park-jun-woo/yongol/pkg/validate/query/build_sensitive_column_index.go:17.27,19.33 2 0
github.com/park-jun-woo/yongol/pkg/validate/query/build_sensitive_column_index.go:19.33,20.19 1 0
github.com/park-jun-woo/yongol/pkg/validate/query/build_sensitive_column_index.go:20.19,22.5 1 0
github.com/park-jun-woo/yongol/pkg/validate/query/build_sensitive_column_index.go:24.3,24.21 1 0
github.com/park-jun-woo/yongol/pkg/validate/query/build_sensitive_column_index.go:24.21,25.12 1 0
github.com/park-jun-woo/yongol/pkg/validate/query/build_sensitive_column_index.go:27.3,28.38 2 0
github.com/park-jun-woo/yongol/pkg/validate/query/build_sensitive_column_index.go:30.2,30.12 1 0
github.com/park-jun-woo/yongol/pkg/validate/query/check_pgtype_override.go:19.97,20.36 1 0
github.com/park-jun-woo/yongol/pkg/validate/query/check_pgtype_override.go:20.36,22.3 1 0
github.com/park-jun-woo/yongol/pkg/validate/query/check_pgtype_override.go:23.2,23.54 1 0
github.com/park-jun-woo/yongol/pkg/validate/query/check_pgtype_override.go:23.54,25.3 1 0
github.com/park-jun-woo/yongol/pkg/validate/query/check_pgtype_override.go:26.2,28.16 3 0
github.com/park-jun-woo/yongol/pkg/validate/query/check_pgtype_override.go:28.16,30.3 1 0
github.com/park-jun-woo/yongol/pkg/validate/query/check_pgtype_override.go:31.2,32.51 2 0
github.com/park-jun-woo/yongol/pkg/validate/query/check_pgtype_override.go:32.51,34.3 1 0
github.com/park-jun-woo/yongol/pkg/validate/query/check_pgtype_override.go:35.2,36.60 2 0
github.com/park-jun-woo/yongol/pkg/validate/query/ddl_has_matching_column.go:12.86,13.19 1 1
github.com/park-jun-woo/yongol/pkg/validate/query/ddl_has_matching_column.go:13.19,15.3 1 1
github.com/park-jun-woo/yongol/pkg/validate/query/ddl_has_matching_column.go:16.2,16.29 1 1
github.com/park-jun-woo/yongol/pkg/validate/query/ddl_has_matching_column.go:16.29,17.35 1 1
github.com/park-jun-woo/yongol/pkg/validate/query/ddl_has_matching_column.go:17.35,18.19 1 1
github.com/park-jun-woo/yongol/pkg/validate/query/ddl_has_matching_column.go:18.19,20.5 1 1
github.com/park-jun-woo/yongol/pkg/validate/query/ddl_has_matching_column.go:23.2,23.14 1 1
github.com/park-jun-woo/yongol/pkg/validate/query/diagnose_override_gaps.go:12.106,14.9 2 0
github.com/park-jun-woo/yongol/pkg/validate/query/diagnose_override_gaps.go:15.33,16.13 1 0
github.com/park-jun-woo/yongol/pkg/validate/query/diagnose_override_gaps.go:17.35,18.47 1 0
github.com/park-jun-woo/yongol/pkg/validate/query/diagnose_override_gaps.go:19.19,20.29 1 0
github.com/park-jun-woo/yongol/pkg/validate/query/diagnose_override_gaps.go:21.10,22.28 1 0
github.com/park-jun-woo/yongol/pkg/validate/query/diagnose_override_gaps.go:24.2,31.4 1 0
github.com/park-jun-woo/yongol/pkg/validate/query/diagnose_sqlc_package_entry.go:16.73,17.21 1 0
github.com/park-jun-woo/yongol/pkg/validate/query/diagnose_sqlc_package_entry.go:17.21,19.3 1 0
github.com/park-jun-woo/yongol/pkg/validate/query/diagnose_sqlc_package_entry.go:20.2,21.19 2 0
github.com/park-jun-woo/yongol/pkg/validate/query/diagnose_sqlc_package_entry.go:21.19,23.3 1 0
github.com/park-jun-woo/yongol/pkg/validate/query/diagnose_sqlc_package_entry.go:23.8,25.3 1 0
github.com/park-jun-woo/yongol/pkg/validate/query/diagnose_sqlc_package_entry.go:26.2,40.3 1 0
github.com/park-jun-woo/yongol/pkg/validate/query/head_token_equals.go:19.45,21.32 2 1
github.com/park-jun-woo/yongol/pkg/validate/query/head_token_equals.go:21.32,23.3 1 0
github.com/park-jun-woo/yongol/pkg/validate/query/head_token_equals.go:24.2,24.43 1 1
github.com/park-jun-woo/yongol/pkg/validate/query/head_token_equals.go:24.43,26.3 1 0
github.com/park-jun-woo/yongol/pkg/validate/query/head_token_equals.go:27.2,28.38 2 1
github.com/park-jun-woo/yongol/pkg/validate/query/is_date_column.go:8.40,10.2 1 0
github.com/park-jun-woo/yongol/pkg/validate/query/is_inet_column.go:8.40,10.2 1 0
github.com/park-jun-woo/yongol/pkg/validate/query/is_interval_column.go:8.44,10.2 1 0
github.com/park-jun-woo/yongol/pkg/validate/query/is_numeric_column.go:10.43,12.2 1 0
github.com/park-jun-woo/yongol/pkg/validate/query/is_pgtype_override_for.go:17.87,18.43 1 0
github.com/park-jun-woo/yongol/pkg/validate/query/is_pgtype_override_for.go:18.43,20.3 1 0
github.com/park-jun-woo/yongol/pkg/validate/query/is_pgtype_override_for.go:21.2,21.30 1 0
github.com/park-jun-woo/yongol/pkg/validate/query/is_pgtype_override_for.go:21.30,23.3 1 0
github.com/park-jun-woo/yongol/pkg/validate/query/is_pgtype_override_for.go:24.2,24.63 1 0
github.com/park-jun-woo/yongol/pkg/validate/query/is_pgtype_override_for.go:24.63,26.3 1 0
github.com/park-jun-woo/yongol/pkg/validate/query/is_pgtype_override_for.go:27.2,27.61 1 0
github.com/park-jun-woo/yongol/pkg/validate/query/is_timestamp_column.go:8.45,10.2 1 0
github.com/park-jun-woo/yongol/pkg/validate/query/is_timestamptz_column.go:8.47,10.2 1 0
github.com/park-jun-woo/yongol/pkg/validate/query/is_uuid_column.go:11.40,13.2 1 0
github.com/park-jun-woo/yongol/pkg/validate/query/q01_scan_for_missing_name.go:16.53,18.16 2 0
github.com/park-jun-woo/yongol/pkg/validate/query/q01_scan_for_missing_name.go:18.16,20.3 1 0
github.com/park-jun-woo/yongol/pkg/validate/query/q01_scan_for_missing_name.go:21.2,28.21 7 0
github.com/park-jun-woo/yongol/pkg/validate/query/q01_scan_for_missing_name.go:28.21,31.20 3 0
github.com/park-jun-woo/yongol/pkg/validate/query/q01_scan_for_missing_name.go:31.20,32.12 1 0
github.com/park-jun-woo/yongol/pkg/validate/query/q01_scan_for_missing_name.go:34.3,34.45 1 0
github.com/park-jun-woo/yongol/pkg/validate/query/q01_scan_for_missing_name.go:34.45,37.12 3 0
github.com/park-jun-woo/yongol/pkg/validate/query/q01_scan_for_missing_name.go:39.3,39.39 1 0
github.com/park-jun-woo/yongol/pkg/validate/query/q01_scan_for_missing_name.go:39.39,40.12 1 0
github.com/park-jun-woo/yongol/pkg/validate/query/q01_scan_for_missing_name.go:42.3,42.30 1 0
github.com/park-jun-woo/yongol/pkg/validate/query/q01_scan_for_missing_name.go:42.30,45.4 2 0
github.com/park-jun-woo/yongol/pkg/validate/query/q01_scan_for_missing_name.go:47.2,47.28 1 0
github.com/park-jun-woo/yongol/pkg/validate/query/q01_scan_for_missing_name.go:47.28,49.3 1 0
github.com/park-jun-woo/yongol/pkg/validate/query/q01_scan_for_missing_name.go:50.2,50.17 1 0
github.com/park-jun-woo/yongol/pkg/validate/query/q04_check_many_limit.go:15.72,16.29 1 0
github.com/park-jun-woo/yongol/pkg/validate/query/q04_check_many_limit.go:16.29,18.3 1 0
github.com/park-jun-woo/yongol/pkg/validate/query/q04_check_many_limit.go:19.2,20.31 2 0
github.com/park-jun-woo/yongol/pkg/validate/query/q04_check_many_limit.go:20.31,22.3 1 0
github.com/park-jun-woo/yongol/pkg/validate/query/q04_check_many_limit.go:23.2,23.36 1 0
github.com/park-jun-woo/yongol/pkg/validate/query/q04_check_many_limit.go:23.36,25.3 1 0
github.com/park-jun-woo/yongol/pkg/validate/query/q04_check_many_limit.go:26.2,27.78 2 0
github.com/park-jun-woo/yongol/pkg/validate/query/q04_check_many_limit.go:27.78,29.3 1 0
github.com/park-jun-woo/yongol/pkg/validate/query/q04_check_many_limit.go:30.2,37.9 1 0
github.com/park-jun-woo/yongol/pkg/validate/query/q05_check_delete_where.go:16.74,18.31 2 0
github.com/park-jun-woo/yongol/pkg/validate/query/q05_check_delete_where.go:18.31,20.3 1 0
github.com/park-jun-woo/yongol/pkg/validate/query/q05_check_delete_where.go:21.2,22.38 2 0
github.com/park-jun-woo/yongol/pkg/validate/query/q05_check_delete_where.go:22.38,24.3 1 0
github.com/park-jun-woo/yongol/pkg/validate/query/q05_check_delete_where.go:25.2,25.37 1 0
github.com/park-jun-woo/yongol/pkg/validate/query/q05_check_delete_where.go:25.37,27.3 1 0
github.com/park-jun-woo/yongol/pkg/validate/query/q05_check_delete_where.go:28.2,29.78 2 0
github.com/park-jun-woo/yongol/pkg/validate/query/q05_check_delete_where.go:29.78,31.3 1 0
github.com/park-jun-woo/yongol/pkg/validate/query/q05_check_delete_where.go:32.2,39.9 1 0
github.com/park-jun-woo/yongol/pkg/validate/query/q06_check_update_where.go:16.74,18.31 2 0
github.com/park-jun-woo/yongol/pkg/validate/query/q06_check_update_where.go:18.31,20.3 1 0
github.com/park-jun-woo/yongol/pkg/validate/query/q06_check_update_where.go:21.2,22.38 2 0
github.com/park-jun-woo/yongol/pkg/validate/query/q06_check_update_where.go:22.38,24.3 1 0
github.com/park-jun-woo/yongol/pkg/validate/query/q06_check_update_where.go:25.2,25.37 1 0
github.com/park-jun-woo/yongol/pkg/validate/query/q06_check_update_where.go:25.37,27.3 1 0
github.com/park-jun-woo/yongol/pkg/validate/query/q06_check_update_where.go:28.2,29.78 2 0
github.com/park-jun-woo/yongol/pkg/validate/query/q06_check_update_where.go:29.78,31.3 1 0
github.com/park-jun-woo/yongol/pkg/validate/query/q06_check_update_where.go:32.2,39.9 1 0
github.com/park-jun-woo/yongol/pkg/validate/query/q09_check_select_on_exec.go:15.75,16.29 1 0
github.com/park-jun-woo/yongol/pkg/validate/query/q09_check_select_on_exec.go:16.29,18.3 1 0
github.com/park-jun-woo/yongol/pkg/validate/query/q09_check_select_on_exec.go:19.2,20.31 2 0
github.com/park-jun-woo/yongol/pkg/validate/query/q09_check_select_on_exec.go:20.31,22.3 1 0
github.com/park-jun-woo/yongol/pkg/validate/query/q09_check_select_on_exec.go:23.2,26.36 4 0
github.com/park-jun-woo/yongol/pkg/validate/query/q09_check_select_on_exec.go:26.36,28.3 1 0
github.com/park-jun-woo/yongol/pkg/validate/query/q09_check_select_on_exec.go:29.2,36.9 1 0
github.com/park-jun-woo/yongol/pkg/validate/query/q_01_name_required.go:16.68,17.15 1 0
github.com/park-jun-woo/yongol/pkg/validate/query/q_01_name_required.go:17.15,19.3 1 0
github.com/park-jun-woo/yongol/pkg/validate/query/q_01_name_required.go:20.2,23.35 3 0
github.com/park-jun-woo/yongol/pkg/validate/query/q_01_name_required.go:23.35,25.3 1 0
github.com/park-jun-woo/yongol/pkg/validate/query/q_01_name_required.go:26.2,26.28 1 0
github.com/park-jun-woo/yongol/pkg/validate/query/q_01_name_required.go:26.28,28.17 2 0
github.com/park-jun-woo/yongol/pkg/validate/query/q_01_name_required.go:28.17,29.12 1 0
github.com/park-jun-woo/yongol/pkg/validate/query/q_01_name_required.go:31.3,38.5 1 0
github.com/park-jun-woo/yongol/pkg/validate/query/q_01_name_required.go:40.2,40.14 1 0
github.com/park-jun-woo/yongol/pkg/validate/query/q_02_cardinality.go:23.67,25.35 2 0
github.com/park-jun-woo/yongol/pkg/validate/query/q_02_cardinality.go:25.35,26.40 1 0
github.com/park-jun-woo/yongol/pkg/validate/query/q_02_cardinality.go:26.40,27.12 1 0
github.com/park-jun-woo/yongol/pkg/validate/query/q_02_cardinality.go:29.3,36.5 1 0
github.com/park-jun-woo/yongol/pkg/validate/query/q_02_cardinality.go:38.2,38.14 1 0
github.com/park-jun-woo/yongol/pkg/validate/query/q_03_name_pascalcase.go:16.70,18.35 2 0
github.com/park-jun-woo/yongol/pkg/validate/query/q_03_name_pascalcase.go:18.35,19.19 1 0
github.com/park-jun-woo/yongol/pkg/validate/query/q_03_name_pascalcase.go:19.19,20.12 1 0
github.com/park-jun-woo/yongol/pkg/validate/query/q_03_name_pascalcase.go:22.3,24.53 3 0
github.com/park-jun-woo/yongol/pkg/validate/query/q_03_name_pascalcase.go:24.53,25.12 1 0
github.com/park-jun-woo/yongol/pkg/validate/query/q_03_name_pascalcase.go:27.3,34.5 1 0
github.com/park-jun-woo/yongol/pkg/validate/query/q_03_name_pascalcase.go:36.2,36.14 1 0
github.com/park-jun-woo/yongol/pkg/validate/query/q_04_many_limit.go:15.65,17.35 2 0
github.com/park-jun-woo/yongol/pkg/validate/query/q_04_many_limit.go:17.35,18.40 1 0
github.com/park-jun-woo/yongol/pkg/validate/query/q_04_many_limit.go:18.40,20.4 1 0
github.com/park-jun-woo/yongol/pkg/validate/query/q_04_many_limit.go:22.2,22.14 1 0
github.com/park-jun-woo/yongol/pkg/validate/query/q_05_delete_where.go:18.67,20.35 2 0
github.com/park-jun-woo/yongol/pkg/validate/query/q_05_delete_where.go:20.35,21.42 1 0
github.com/park-jun-woo/yongol/pkg/validate/query/q_05_delete_where.go:21.42,23.4 1 0
github.com/park-jun-woo/yongol/pkg/validate/query/q_05_delete_where.go:25.2,25.14 1 0
github.com/park-jun-woo/yongol/pkg/validate/query/q_06_update_where.go:18.67,20.35 2 0
github.com/park-jun-woo/yongol/pkg/validate/query/q_06_update_where.go:20.35,21.42 1 0
github.com/park-jun-woo/yongol/pkg/validate/query/q_06_update_where.go:21.42,23.4 1 0
github.com/park-jun-woo/yongol/pkg/validate/query/q_06_update_where.go:25.2,25.14 1 0
github.com/park-jun-woo/yongol/pkg/validate/query/q_07_select_star_sensitive.go:22.75,23.28 1 0
github.com/park-jun-woo/yongol/pkg/validate/query/q_07_select_star_sensitive.go:23.28,25.3 1 0
github.com/park-jun-woo/yongol/pkg/validate/query/q_07_select_star_sensitive.go:26.2,28.35 3 0
github.com/park-jun-woo/yongol/pkg/validate/query/q_07_select_star_sensitive.go:28.35,30.32 2 0
github.com/park-jun-woo/yongol/pkg/validate/query/q_07_select_star_sensitive.go:30.32,31.12 1 0
github.com/park-jun-woo/yongol/pkg/validate/query/q_07_select_star_sensitive.go:33.3,33.39 1 0
github.com/park-jun-woo/yongol/pkg/validate/query/q_07_select_star_sensitive.go:33.39,34.12 1 0
github.com/park-jun-woo/yongol/pkg/validate/query/q_07_select_star_sensitive.go:36.3,37.29 2 0
github.com/park-jun-woo/yongol/pkg/validate/query/q_07_select_star_sensitive.go:37.29,40.22 3 0
github.com/park-jun-woo/yongol/pkg/validate/query/q_07_select_star_sensitive.go:40.22,41.13 1 0
github.com/park-jun-woo/yongol/pkg/validate/query/q_07_select_star_sensitive.go:43.4,50.6 1 0
github.com/park-jun-woo/yongol/pkg/validate/query/q_07_select_star_sensitive.go:53.2,53.14 1 0
github.com/park-jun-woo/yongol/pkg/validate/query/q_08_unused_param.go:22.67,24.35 2 0
github.com/park-jun-woo/yongol/pkg/validate/query/q_08_unused_param.go:24.35,25.25 1 0
github.com/park-jun-woo/yongol/pkg/validate/query/q_08_unused_param.go:25.25,26.12 1 0
github.com/park-jun-woo/yongol/pkg/validate/query/q_08_unused_param.go:28.3,29.32 2 0
github.com/park-jun-woo/yongol/pkg/validate/query/q_08_unused_param.go:29.32,30.12 1 0
github.com/park-jun-woo/yongol/pkg/validate/query/q_08_unused_param.go:32.3,33.69 2 0
github.com/park-jun-woo/yongol/pkg/validate/query/q_08_unused_param.go:33.69,35.18 2 0
github.com/park-jun-woo/yongol/pkg/validate/query/q_08_unused_param.go:35.18,37.5 1 0
github.com/park-jun-woo/yongol/pkg/validate/query/q_08_unused_param.go:38.4,38.18 1 0
github.com/park-jun-woo/yongol/pkg/validate/query/q_08_unused_param.go:38.18,40.5 1 0
github.com/park-jun-woo/yongol/pkg/validate/query/q_08_unused_param.go:42.3,42.37 1 0
github.com/park-jun-woo/yongol/pkg/validate/query/q_08_unused_param.go:42.37,43.23 1 0
github.com/park-jun-woo/yongol/pkg/validate/query/q_08_unused_param.go:43.23,44.13 1 0
github.com/park-jun-woo/yongol/pkg/validate/query/q_08_unused_param.go:46.4,53.6 1 0
github.com/park-jun-woo/yongol/pkg/validate/query/q_08_unused_param.go:56.2,56.14 1 0
github.com/park-jun-woo/yongol/pkg/validate/query/q_09_select_on_exec.go:22.68,24.35 2 0
github.com/park-jun-woo/yongol/pkg/validate/query/q_09_select_on_exec.go:24.35,25.43 1 0
github.com/park-jun-woo/yongol/pkg/validate/query/q_09_select_on_exec.go:25.43,27.4 1 0
github.com/park-jun-woo/yongol/pkg/validate/query/q_09_select_on_exec.go:29.2,29.14 1 0
github.com/park-jun-woo/yongol/pkg/validate/query/q_11_sql_package_pgx_v5.go:27.71,28.36 1 0
github.com/park-jun-woo/yongol/pkg/validate/query/q_11_sql_package_pgx_v5.go:28.36,30.3 1 0
github.com/park-jun-woo/yongol/pkg/validate/query/q_11_sql_package_pgx_v5.go:31.2,33.16 3 0
github.com/park-jun-woo/yongol/pkg/validate/query/q_11_sql_package_pgx_v5.go:33.16,36.3 1 0
github.com/park-jun-woo/yongol/pkg/validate/query/q_11_sql_package_pgx_v5.go:37.2,38.51 2 0
github.com/park-jun-woo/yongol/pkg/validate/query/q_11_sql_package_pgx_v5.go:38.51,40.3 1 0
github.com/park-jun-woo/yongol/pkg/validate/query/q_11_sql_package_pgx_v5.go:41.2,42.32 2 0
github.com/park-jun-woo/yongol/pkg/validate/query/q_11_sql_package_pgx_v5.go:42.32,43.74 1 0
github.com/park-jun-woo/yongol/pkg/validate/query/q_11_sql_package_pgx_v5.go:43.74,45.4 1 0
github.com/park-jun-woo/yongol/pkg/validate/query/q_11_sql_package_pgx_v5.go:47.2,47.14 1 0
github.com/park-jun-woo/yongol/pkg/validate/query/q_12_pgtype_uuid_override.go:22.74,42.2 1 0
github.com/park-jun-woo/yongol/pkg/validate/query/q_13_pgtype_numeric_override.go:16.77,36.2 1 0
github.com/park-jun-woo/yongol/pkg/validate/query/q_14_pgtype_timestamptz_override.go:15.81,34.2 1 0
github.com/park-jun-woo/yongol/pkg/validate/query/q_15_pgtype_timestamp_override.go:14.79,33.2 1 0
github.com/park-jun-woo/yongol/pkg/validate/query/q_16_pgtype_date_override.go:14.74,33.2 1 0
github.com/park-jun-woo/yongol/pkg/validate/query/q_17_pgtype_inet_override.go:14.74,34.2 1 0
github.com/park-jun-woo/yongol/pkg/validate/query/q_18_pgtype_interval_override.go:15.78,34.2 1 0
github.com/park-jun-woo/yongol/pkg/validate/query/read_query_body.go:16.58,18.16 2 0
github.com/park-jun-woo/yongol/pkg/validate/query/read_query_body.go:18.16,20.3 1 0
github.com/park-jun-woo/yongol/pkg/validate/query/read_query_body.go:21.2,27.21 6 0
github.com/park-jun-woo/yongol/pkg/validate/query/read_query_body.go:27.21,30.76 3 0
github.com/park-jun-woo/yongol/pkg/validate/query/read_query_body.go:30.76,31.9 1 0
github.com/park-jun-woo/yongol/pkg/validate/query/read_query_body.go:34.2,35.28 2 0
github.com/park-jun-woo/yongol/pkg/validate/query/read_query_body_step.go:14.97,15.25 1 0
github.com/park-jun-woo/yongol/pkg/validate/query/read_query_body_step.go:15.25,19.3 3 0
github.com/park-jun-woo/yongol/pkg/validate/query/read_query_body_step.go:20.2,20.15 1 0
github.com/park-jun-woo/yongol/pkg/validate/query/read_query_body_step.go:20.15,22.3 1 0
github.com/park-jun-woo/yongol/pkg/validate/query/read_query_body_step.go:23.2,24.44 2 0
github.com/park-jun-woo/yongol/pkg/validate/query/read_query_body_step.go:24.44,26.3 1 0
github.com/park-jun-woo/yongol/pkg/validate/query/read_query_body_step.go:32.2,32.38 1 0
github.com/park-jun-woo/yongol/pkg/validate/query/read_query_body_step.go:32.38,34.3 1 0
github.com/park-jun-woo/yongol/pkg/validate/query/read_query_body_step.go:35.2,36.14 2 0
github.com/park-jun-woo/yongol/pkg/validate/query/register_query_body_escapes.go:16.64,17.36 1 0
github.com/park-jun-woo/yongol/pkg/validate/query/register_query_body_escapes.go:17.36,18.79 1 0
github.com/park-jun-woo/yongol/pkg/validate/query/register_query_body_escapes.go:18.79,21.4 2 0
github.com/park-jun-woo/yongol/pkg/validate/query/run.go:14.56,34.2 19 0
github.com/park-jun-woo/yongol/pkg/validate/query/scan_overrides_for.go:12.113,13.30 1 0
github.com/park-jun-woo/yongol/pkg/validate/query/scan_overrides_for.go:13.30,14.43 1 0
github.com/park-jun-woo/yongol/pkg/validate/query/scan_overrides_for.go:14.43,15.59 1 0
github.com/park-jun-woo/yongol/pkg/validate/query/scan_overrides_for.go:15.59,16.13 1 0
github.com/park-jun-woo/yongol/pkg/validate/query/scan_overrides_for.go:18.4,18.19 1 0
github.com/park-jun-woo/yongol/pkg/validate/query/scan_overrides_for.go:18.19,20.5 1 0
github.com/park-jun-woo/yongol/pkg/validate/query/scan_overrides_for.go:20.10,22.5 1 0
github.com/park-jun-woo/yongol/pkg/validate/query/scan_overrides_for.go:25.2,25.32 1 0
